Build started 26/11/2019 12:15:43.
     1>Project "C:\Users\17123437\Desktop\OpenGL_Class_Material\OpenGL Projects\Coursework\OpenGL_CW01_17123437\gldemo.vcxproj" on node 2 (Build target(s)).
     1>ClCompile:
         C:\Program Files (x86)\Microsoft Visual Studio 12.0\VC\bin\CL.exe /c /ZI /nologo /W3 /WX- /sdl /Od /Oy- /D WIN32 /D _DEBUG /D _CONSOLE /D _LIB /D _UNICODE /D UNICODE /Gm /EHsc /RTC1 /MDd /GS /fp:precise /Zc:wchar_t /Zc:forScope /Yu"stdafx.h" /Fp"Debug\gldemo.pch" /Fo"Debug\\" /Fd"Debug\vc120.pdb" /Gd /TP /analyze- /errorReport:prompt gldemo.cpp
         gldemo.cpp
     1>c:\users\17123437\desktop\opengl_class_material\opengl projects\coursework\opengl_cw01_17123437\gldemo.cpp(192): warning C4305: 'initializing' : truncation from 'double' to 'GLfloat'
     1>c:\users\17123437\desktop\opengl_class_material\opengl projects\coursework\opengl_cw01_17123437\gldemo.cpp(481): warning C4244: 'argument' : conversion from 'time_t' to 'unsigned int', possible loss of data
     1>c:\users\17123437\desktop\opengl_class_material\opengl projects\coursework\opengl_cw01_17123437\gldemo.cpp(483): warning C4244: '=' : conversion from 'double' to 'float', possible loss of data
     1>c:\users\17123437\desktop\opengl_class_material\opengl projects\coursework\opengl_cw01_17123437\gldemo.cpp(484): warning C4244: '=' : conversion from 'double' to 'float', possible loss of data
     1>c:\users\17123437\desktop\opengl_class_material\opengl projects\coursework\opengl_cw01_17123437\gldemo.cpp(485): warning C4244: '=' : conversion from 'double' to 'float', possible loss of data
     1>c:\users\17123437\desktop\opengl_class_material\opengl projects\coursework\opengl_cw01_17123437\gldemo.cpp(1066): warning C4305: 'argument' : truncation from 'double' to 'const float'
     1>c:\users\17123437\desktop\opengl_class_material\opengl projects\coursework\opengl_cw01_17123437\gldemo.cpp(1068): warning C4305: 'argument' : truncation from 'double' to 'GLfloat'
     1>c:\users\17123437\desktop\opengl_class_material\opengl projects\coursework\opengl_cw01_17123437\gldemo.cpp(1074): warning C4305: 'argument' : truncation from 'double' to 'GLfloat'
     1>c:\users\17123437\desktop\opengl_class_material\opengl projects\coursework\opengl_cw01_17123437\gldemo.cpp(1078): warning C4244: 'argument' : conversion from 'double' to 'const float', possible loss of data
     1>c:\users\17123437\desktop\opengl_class_material\opengl projects\coursework\opengl_cw01_17123437\gldemo.cpp(1080): warning C4305: 'argument' : truncation from 'double' to 'GLfloat'
     1>c:\users\17123437\desktop\opengl_class_material\opengl projects\coursework\opengl_cw01_17123437\gldemo.cpp(1091): warning C4305: 'argument' : truncation from 'double' to 'GLfloat'
     1>c:\users\17123437\desktop\opengl_class_material\opengl projects\coursework\opengl_cw01_17123437\gldemo.cpp(1097): warning C4305: 'argument' : truncation from 'double' to 'GLfloat'
     1>c:\users\17123437\desktop\opengl_class_material\opengl projects\coursework\opengl_cw01_17123437\gldemo.cpp(1103): warning C4305: 'argument' : truncation from 'double' to 'GLfloat'
     1>c:\users\17123437\desktop\opengl_class_material\opengl projects\coursework\opengl_cw01_17123437\gldemo.cpp(1107): warning C4244: 'argument' : conversion from 'double' to 'const float', possible loss of data
     1>c:\users\17123437\desktop\opengl_class_material\opengl projects\coursework\opengl_cw01_17123437\gldemo.cpp(1109): warning C4305: 'argument' : truncation from 'double' to 'GLfloat'
     1>c:\users\17123437\desktop\opengl_class_material\opengl projects\coursework\opengl_cw01_17123437\gldemo.cpp(1121): warning C4305: 'argument' : truncation from 'double' to 'GLfloat'
     1>c:\users\17123437\desktop\opengl_class_material\opengl projects\coursework\opengl_cw01_17123437\gldemo.cpp(1129): warning C4244: 'argument' : conversion from 'double' to 'GLfloat', possible loss of data
     1>c:\users\17123437\desktop\opengl_class_material\opengl projects\coursework\opengl_cw01_17123437\gldemo.cpp(1130): warning C4244: 'argument' : conversion from 'double' to 'GLfloat', possible loss of data
     1>c:\users\17123437\desktop\opengl_class_material\opengl projects\coursework\opengl_cw01_17123437\gldemo.cpp(1195): warning C4305: '+=' : truncation from 'double' to 'float'
     1>c:\users\17123437\desktop\opengl_class_material\opengl projects\coursework\opengl_cw01_17123437\gldemo.cpp(1197): warning C4305: '-=' : truncation from 'double' to 'float'
       Link:
         C:\Program Files (x86)\Microsoft Visual Studio 12.0\VC\bin\link.exe /ERRORREPORT:PROMPT /OUT:"C:\Users\17123437\Desktop\OpenGL_Class_Material\OpenGL Projects\Coursework\OpenGL_CW01_17123437\Debug\gldemo.exe" /INCREMENTAL /NOLOGO FreeImage\FreeImagePlus.lib windowscodecs.lib CoreStructures\CoreStructures.lib freeglut\freeglut.lib glew\glew32.lib kernel32.lib user32.lib gdi32.lib winspool.lib comdlg32.lib advapi32.lib shell32.lib ole32.lib oleaut32.lib uuid.lib odbc32.lib odbccp32.lib /MANIFEST /MANIFESTUAC:"level='asInvoker' uiAccess='false'" /manifest:embed /DEBUG /PDB:"C:\Users\17123437\Desktop\OpenGL_Class_Material\OpenGL Projects\Coursework\OpenGL_CW01_17123437\Debug\gldemo.pdb" /SUBSYSTEM:CONSOLE /TLBID:1 /DYNAMICBASE /NXCOMPAT /IMPLIB:"C:\Users\17123437\Desktop\OpenGL_Class_Material\OpenGL Projects\Coursework\OpenGL_CW01_17123437\Debug\gldemo.lib" /MACHINE:X86 Debug\gldemo.obj
         Debug\shader_setup.obj
         Debug\stdafx.obj
         Debug\texture_loader.obj
         gldemo.vcxproj -> C:\Users\17123437\Desktop\OpenGL_Class_Material\OpenGL Projects\Coursework\OpenGL_CW01_17123437\Debug\gldemo.exe
     1>Done Building Project "C:\Users\17123437\Desktop\OpenGL_Class_Material\OpenGL Projects\Coursework\OpenGL_CW01_17123437\gldemo.vcxproj" (Build target(s)).

Build succeeded.

Time Elapsed 00:00:00.46
