Build started 11/11/2019 12:04:25.
     1>Project "Y:\Desktop\OpenGL Projects\Week8\lecture demo03 - Rotating Stars\gldemo.vcxproj" on node 2 (Build target(s)).
     1>ClCompile:
         C:\Program Files (x86)\Microsoft Visual Studio 12.0\VC\bin\CL.exe /c /ZI /nologo /W3 /WX- /sdl /Od /Oy- /D WIN32 /D _DEBUG /D _CONSOLE /D _LIB /D _UNICODE /D UNICODE /Gm /EHsc /RTC1 /MDd /GS /fp:precise /Zc:wchar_t /Zc:forScope /Yc"stdafx.h" /Fp"Debug\gldemo.pch" /Fo"Debug\\" /Fd"Debug\vc120.pdb" /Gd /TP /analyze- /errorReport:prompt stdafx.cpp
         stdafx.cpp
         C:\Program Files (x86)\Microsoft Visual Studio 12.0\VC\bin\CL.exe /c /ZI /nologo /W3 /WX- /sdl /Od /Oy- /D WIN32 /D _DEBUG /D _CONSOLE /D _LIB /D _UNICODE /D UNICODE /Gm /EHsc /RTC1 /MDd /GS /fp:precise /Zc:wchar_t /Zc:forScope /Yu"stdafx.h" /Fp"Debug\gldemo.pch" /Fo"Debug\\" /Fd"Debug\vc120.pdb" /Gd /TP /analyze- /errorReport:prompt gldemo.cpp shader_setup.cpp texture_loader.cpp
         texture_loader.cpp
         shader_setup.cpp
         gldemo.cpp
         Generating Code...
       Link:
         C:\Program Files (x86)\Microsoft Visual Studio 12.0\VC\bin\link.exe /ERRORREPORT:PROMPT /OUT:"Y:\Desktop\OpenGL Projects\Week8\lecture demo03 - Rotating Stars\Debug\gldemo.exe" /INCREMENTAL /NOLOGO FreeImage\FreeImagePlus.lib windowscodecs.lib CoreStructures\CoreStructures.lib freeglut\freeglut.lib glew\glew32.lib kernel32.lib user32.lib gdi32.lib winspool.lib comdlg32.lib advapi32.lib shell32.lib ole32.lib oleaut32.lib uuid.lib odbc32.lib odbccp32.lib /MANIFEST /MANIFESTUAC:"level='asInvoker' uiAccess='false'" /manifest:embed /DEBUG /PDB:"Y:\Desktop\OpenGL Projects\Week8\lecture demo03 - Rotating Stars\Debug\gldemo.pdb" /SUBSYSTEM:CONSOLE /TLBID:1 /DYNAMICBASE /NXCOMPAT /IMPLIB:"Y:\Desktop\OpenGL Projects\Week8\lecture demo03 - Rotating Stars\Debug\gldemo.lib" /MACHINE:X86 Debug\gldemo.obj
         Debug\shader_setup.obj
         Debug\stdafx.obj
         Debug\texture_loader.obj
     1>CoreStructures.lib(GUMatrix4.obj) : warning LNK4204: 'Y:\Desktop\OpenGL Projects\Week8\lecture demo03 - Rotating Stars\Debug\vc120.pdb' is missing debugging information for referencing module; linking object as if no debug info
     1>CoreStructures.lib(GUMemory.obj) : warning LNK4204: 'Y:\Desktop\OpenGL Projects\Week8\lecture demo03 - Rotating Stars\Debug\vc120.pdb' is missing debugging information for referencing module; linking object as if no debug info
     1>CoreStructures.lib(GUVector4.obj) : warning LNK4204: 'Y:\Desktop\OpenGL Projects\Week8\lecture demo03 - Rotating Stars\Debug\vc120.pdb' is missing debugging information for referencing module; linking object as if no debug info
         gldemo.vcxproj -> Y:\Desktop\OpenGL Projects\Week8\lecture demo03 - Rotating Stars\Debug\gldemo.exe
     1>Done Building Project "Y:\Desktop\OpenGL Projects\Week8\lecture demo03 - Rotating Stars\gldemo.vcxproj" (Build target(s)).

Build succeeded.

Time Elapsed 00:00:06.75
